This is pdfTeX, Version 3.141592653-2.6-1.40.25 (MiKTeX 23.10) (preloaded format=pdflatex 2023.12.11)  19 DEC 2024 20:16
entering extended mode
 restricted \write18 enabled.
 %&-line parsing enabled.
**./Bakel_Project_Report.tex
(Bakel_Project_Report.tex
LaTeX2e <2023-06-01> patch level 1
L3 programming layer <2023-08-29>
(C:\Users\beged\AppData\Local\Programs\MiKTeX\tex/latex/base\report.cls
Document Class: report 2023/05/17 v1.4n Standard LaTeX document class
(C:\Users\beged\AppData\Local\Programs\MiKTeX\tex/latex/base\size12.clo
File: size12.clo 2023/05/17 v1.4n Standard LaTeX file (size option)
)
\c@part=\count185
\c@chapter=\count186
\c@section=\count187
\c@subsection=\count188
\c@subsubsection=\count189
\c@paragraph=\count190
\c@subparagraph=\count191
\c@figure=\count192
\c@table=\count193
\abovecaptionskip=\skip48
\belowcaptionskip=\skip49
\bibindent=\dimen140
)
(C:\Users\beged\AppData\Local\Programs\MiKTeX\tex/latex/titlesec\titlesec.sty
Package: titlesec 2023/10/27 v2.16 Sectioning titles
\ttl@box=\box51
\beforetitleunit=\skip50
\aftertitleunit=\skip51
\ttl@plus=\dimen141
\ttl@minus=\dimen142
\ttl@toksa=\toks17
\titlewidth=\dimen143
\titlewidthlast=\dimen144
\titlewidthfirst=\dimen145
)
(C:\Users\beged\AppData\Local\Programs\MiKTeX\tex/latex/amsmath\amsmath.sty
Package: amsmath 2023/05/13 v2.17o AMS math features
\@mathmargin=\skip52

For additional information on amsmath, use the `?' option.
(C:\Users\beged\AppData\Local\Programs\MiKTeX\tex/latex/amsmath\amstext.sty
Package: amstext 2021/08/26 v2.01 AMS text

(C:\Users\beged\AppData\Local\Programs\MiKTeX\tex/latex/amsmath\amsgen.sty
File: amsgen.sty 1999/11/30 v2.0 generic functions
\@emptytoks=\toks18
\ex@=\dimen146
))
(C:\Users\beged\AppData\Local\Programs\MiKTeX\tex/latex/amsmath\amsbsy.sty
Package: amsbsy 1999/11/29 v1.2d Bold Symbols
\pmbraise@=\dimen147
)
(C:\Users\beged\AppData\Local\Programs\MiKTeX\tex/latex/amsmath\amsopn.sty
Package: amsopn 2022/04/08 v2.04 operator names
)
\inf@bad=\count194
LaTeX Info: Redefining \frac on input line 234.
\uproot@=\count195
\leftroot@=\count196
LaTeX Info: Redefining \overline on input line 399.
LaTeX Info: Redefining \colon on input line 410.
\classnum@=\count197
\DOTSCASE@=\count198
LaTeX Info: Redefining \ldots on input line 496.
LaTeX Info: Redefining \dots on input line 499.
LaTeX Info: Redefining \cdots on input line 620.
\Mathstrutbox@=\box52
\strutbox@=\box53
LaTeX Info: Redefining \big on input line 722.
LaTeX Info: Redefining \Big on input line 723.
LaTeX Info: Redefining \bigg on input line 724.
LaTeX Info: Redefining \Bigg on input line 725.
\big@size=\dimen148
LaTeX Font Info:    Redeclaring font encoding OML on input line 743.
LaTeX Font Info:    Redeclaring font encoding OMS on input line 744.
\macc@depth=\count199
LaTeX Info: Redefining \bmod on input line 905.
LaTeX Info: Redefining \pmod on input line 910.
LaTeX Info: Redefining \smash on input line 940.
LaTeX Info: Redefining \relbar on input line 970.
LaTeX Info: Redefining \Relbar on input line 971.
\c@MaxMatrixCols=\count266
\dotsspace@=\muskip16
\c@parentequation=\count267
\dspbrk@lvl=\count268
\tag@help=\toks19
\row@=\count269
\column@=\count270
\maxfields@=\count271
\andhelp@=\toks20
\eqnshift@=\dimen149
\alignsep@=\dimen150
\tagshift@=\dimen151
\tagwidth@=\dimen152
\totwidth@=\dimen153
\lineht@=\dimen154
\@envbody=\toks21
\multlinegap=\skip53
\multlinetaggap=\skip54
\mathdisplay@stack=\toks22
LaTeX Info: Redefining \[ on input line 2953.
LaTeX Info: Redefining \] on input line 2954.
)
(C:\Users\beged\AppData\Local\Programs\MiKTeX\tex/latex/amsfonts\amssymb.sty
Package: amssymb 2013/01/14 v3.01 AMS font symbols

(C:\Users\beged\AppData\Local\Programs\MiKTeX\tex/latex/amsfonts\amsfonts.sty
Package: amsfonts 2013/01/14 v3.01 Basic AMSFonts support
\symAMSa=\mathgroup4
\symAMSb=\mathgroup5
LaTeX Font Info:    Redeclaring math symbol \hbar on input line 98.
LaTeX Font Info:    Overwriting math alphabet `\mathfrak' in version `bold'
(Font)                  U/euf/m/n --> U/euf/b/n on input line 106.
)) (C:\Users\beged\AppData\Local\Programs\MiKTeX\tex/latex/xcolor\xcolor.sty
Package: xcolor 2022/06/12 v2.14 LaTeX color extensions (UK)

(C:\Users\beged\AppData\Local\Programs\MiKTeX\tex/latex/graphics-cfg\color.cfg
File: color.cfg 2016/01/02 v1.6 sample color configuration
)
Package xcolor Info: Driver file: pdftex.def on input line 227.

(C:\Users\beged\AppData\Local\Programs\MiKTeX\tex/latex/graphics-def\pdftex.def
File: pdftex.def 2022/09/22 v1.2b Graphics/color driver for pdftex
)
(C:\Users\beged\AppData\Local\Programs\MiKTeX\tex/latex/graphics\mathcolor.ltx)
Package xcolor Info: Model `cmy' substituted by `cmy0' on input line 1353.
Package xcolor Info: Model `hsb' substituted by `rgb' on input line 1357.
Package xcolor Info: Model `RGB' extended on input line 1369.
Package xcolor Info: Model `HTML' substituted by `rgb' on input line 1371.
Package xcolor Info: Model `Hsb' substituted by `hsb' on input line 1372.
Package xcolor Info: Model `tHsb' substituted by `hsb' on input line 1373.
Package xcolor Info: Model `HSB' substituted by `hsb' on input line 1374.
Package xcolor Info: Model `Gray' substituted by `gray' on input line 1375.
Package xcolor Info: Model `wave' substituted by `hsb' on input line 1376.
) (C:\Users\beged\AppData\Local\Programs\MiKTeX\tex/latex/geometry\geometry.sty
Package: geometry 2020/01/02 v5.9 Page Geometry
(C:\Users\beged\AppData\Local\Programs\MiKTeX\tex/latex/graphics\keyval.sty
Package: keyval 2022/05/29 v1.15 key=value parser (DPC)
\KV@toks@=\toks23
)
(C:\Users\beged\AppData\Local\Programs\MiKTeX\tex/generic/iftex\ifvtex.sty
Package: ifvtex 2019/10/25 v1.7 ifvtex legacy package. Use iftex instead.

(C:\Users\beged\AppData\Local\Programs\MiKTeX\tex/generic/iftex\iftex.sty
Package: iftex 2022/02/03 v1.0f TeX engine tests
))
\Gm@cnth=\count272
\Gm@cntv=\count273
\c@Gm@tempcnt=\count274
\Gm@bindingoffset=\dimen155
\Gm@wd@mp=\dimen156
\Gm@odd@mp=\dimen157
\Gm@even@mp=\dimen158
\Gm@layoutwidth=\dimen159
\Gm@layoutheight=\dimen160
\Gm@layouthoffset=\dimen161
\Gm@layoutvoffset=\dimen162
\Gm@dimlist=\toks24

(C:\Users\beged\AppData\Local\Programs\MiKTeX\tex/latex/geometry\geometry.cfg))
(C:\Users\beged\AppData\Local\Programs\MiKTeX\tex/latex/graphics\graphicx.sty
Package: graphicx 2021/09/16 v1.2d Enhanced LaTeX Graphics (DPC,SPQR)

(C:\Users\beged\AppData\Local\Programs\MiKTeX\tex/latex/graphics\graphics.sty
Package: graphics 2022/03/10 v1.4e Standard LaTeX Graphics (DPC,SPQR)

(C:\Users\beged\AppData\Local\Programs\MiKTeX\tex/latex/graphics\trig.sty
Package: trig 2021/08/11 v1.11 sin cos tan (DPC)
)
(C:\Users\beged\AppData\Local\Programs\MiKTeX\tex/latex/graphics-cfg\graphics.c
fg
File: graphics.cfg 2016/06/04 v1.11 sample graphics configuration
)
Package graphics Info: Driver file: pdftex.def on input line 107.
)
\Gin@req@height=\dimen163
\Gin@req@width=\dimen164
)
(C:\Users\beged\AppData\Local\Programs\MiKTeX\tex/latex/enumitem\enumitem.sty
Package: enumitem 2019/06/20 v3.9 Customized lists
\labelindent=\skip55
\enit@outerparindent=\dimen165
\enit@toks=\toks25
\enit@inbox=\box54
\enit@count@id=\count275
\enitdp@description=\count276
)
(C:\Users\beged\AppData\Local\Programs\MiKTeX\tex/latex/float\float.sty
Package: float 2001/11/08 v1.3d Float enhancements (AL)
\c@float@type=\count277
\float@exts=\toks26
\float@box=\box55
\@float@everytoks=\toks27
\@floatcapt=\box56
)
(C:\Users\beged\AppData\Local\Programs\MiKTeX\tex/latex/l3backend\l3backend-pdf
tex.def
File: l3backend-pdftex.def 2023-04-19 L3 backend support: PDF output (pdfTeX)
\l__color_backend_stack_int=\count278
\l__pdf_internal_box=\box57
) (Bakel_Project_Report.aux

LaTeX Warning: Label `run7' multiply defined.


LaTeX Warning: Label `run10' multiply defined.


LaTeX Warning: Label `run10' multiply defined.


LaTeX Warning: Label `run10' multiply defined.


LaTeX Warning: Label `run10' multiply defined.


LaTeX Warning: Label `run10' multiply defined.


LaTeX Warning: Label `run10' multiply defined.


LaTeX Warning: Label `run10' multiply defined.


LaTeX Warning: Label `run10' multiply defined.


LaTeX Warning: Label `run10' multiply defined.


LaTeX Warning: Label `run10' multiply defined.


LaTeX Warning: Label `run10' multiply defined.


LaTeX Warning: Label `run10' multiply defined.


LaTeX Warning: Label `run10' multiply defined.


LaTeX Warning: Label `run10' multiply defined.


LaTeX Warning: Label `run10' multiply defined.


LaTeX Warning: Label `run10' multiply defined.


LaTeX Warning: Label `run10' multiply defined.


LaTeX Warning: Label `run10' multiply defined.


LaTeX Warning: Label `run10' multiply defined.

)
\openout1 = `Bakel_Project_Report.aux'.

LaTeX Font Info:    Checking defaults for OML/cmm/m/it on input line 33.
LaTeX Font Info:    ... okay on input line 33.
LaTeX Font Info:    Checking defaults for OMS/cmsy/m/n on input line 33.
LaTeX Font Info:    ... okay on input line 33.
LaTeX Font Info:    Checking defaults for OT1/cmr/m/n on input line 33.
LaTeX Font Info:    ... okay on input line 33.
LaTeX Font Info:    Checking defaults for T1/cmr/m/n on input line 33.
LaTeX Font Info:    ... okay on input line 33.
LaTeX Font Info:    Checking defaults for TS1/cmr/m/n on input line 33.
LaTeX Font Info:    ... okay on input line 33.
LaTeX Font Info:    Checking defaults for OMX/cmex/m/n on input line 33.
LaTeX Font Info:    ... okay on input line 33.
LaTeX Font Info:    Checking defaults for U/cmr/m/n on input line 33.
LaTeX Font Info:    ... okay on input line 33.

(C:\Users\beged\AppData\Local\Programs\MiKTeX\tex/context/base/mkii\supp-pdf.mk
ii
[Loading MPS to PDF converter (version 2006.09.02).]
\scratchcounter=\count279
\scratchdimen=\dimen166
\scratchbox=\box58
\nofMPsegments=\count280
\nofMParguments=\count281
\everyMPshowfont=\toks28
\MPscratchCnt=\count282
\MPscratchDim=\dimen167
\MPnumerator=\count283
\makeMPintoPDFobject=\count284
\everyMPtoPDFconversion=\toks29
)
(C:\Users\beged\AppData\Local\Programs\MiKTeX\tex/latex/epstopdf-pkg\epstopdf-b
ase.sty
Package: epstopdf-base 2020-01-24 v2.11 Base part for package epstopdf
Package epstopdf-base Info: Redefining graphics rule for `.eps' on input line 4
85.

(C:\Users\beged\AppData\Local\Programs\MiKTeX\tex/latex/00miktex\epstopdf-sys.c
fg
File: epstopdf-sys.cfg 2021/03/18 v2.0 Configuration of epstopdf for MiKTeX
))
*geometry* driver: auto-detecting
*geometry* detected driver: pdftex
*geometry* verbose mode - [ preamble ] result:
* driver: pdftex
* paper: <default>
* layout: <same size as paper>
* layoutoffset:(h,v)=(0.0pt,0.0pt)
* modes: 
* h-part:(L,W,R)=(56.9055pt, 500.484pt, 56.9055pt)
* v-part:(T,H,B)=(56.9055pt, 695.38536pt, 42.67912pt)
* \paperwidth=614.295pt
* \paperheight=794.96999pt
* \textwidth=500.484pt
* \textheight=695.38536pt
* \oddsidemargin=-15.36449pt
* \evensidemargin=-15.36449pt
* \topmargin=-52.36449pt
* \headheight=12.0pt
* \headsep=25.0pt
* \topskip=12.0pt
* \footskip=30.0pt
* \marginparwidth=44.0pt
* \marginparsep=10.0pt
* \columnsep=10.0pt
* \skip\footins=10.8pt plus 4.0pt minus 2.0pt
* \hoffset=0.0pt
* \voffset=0.0pt
* \mag=1000
* \@twocolumnfalse
* \@twosidefalse
* \@mparswitchfalse
* \@reversemarginfalse
* (1in=72.27pt=25.4mm, 1cm=28.453pt)

<logo.png, id=1, 386.6445pt x 121.6545pt>
File: logo.png Graphic file (type png)
<use logo.png>
Package pdftex.def Info: logo.png  used on input line 38.
(pdftex.def)             Requested size: 502.63779pt x 158.15082pt.

Overfull \hbox (2.1538pt too wide) in paragraph at lines 38--40
 [][] 
 []


LaTeX Font Warning: Font shape `OT1/cmr/m/n' in size <16> not available
(Font)              size <17.28> substituted on input line 42.


LaTeX Font Warning: Font shape `OT1/cmr/bx/n' in size <16> not available
(Font)              size <17.28> substituted on input line 43.

<Unina.png, id=3, 192.72pt x 203.5605pt>
File: Unina.png Graphic file (type png)
<use Unina.png>
Package pdftex.def Info: Unina.png  used on input line 47.
(pdftex.def)             Requested size: 154.1762pt x 162.84862pt.
[1

{C:/Users/beged/AppData/Local/MiKTeX/fonts/map/pdftex/pdftex.map} <./logo.png> 
<./Unina.png>] (Bakel_Project_Report.toc
LaTeX Font Info:    Trying to load font information for U+msa on input line 2.

(C:\Users\beged\AppData\Local\Programs\MiKTeX\tex/latex/amsfonts\umsa.fd
File: umsa.fd 2013/01/14 v3.01 AMS symbols A
)
LaTeX Font Info:    Trying to load font information for U+msb on input line 2.

(C:\Users\beged\AppData\Local\Programs\MiKTeX\tex/latex/amsfonts\umsb.fd
File: umsb.fd 2013/01/14 v3.01 AMS symbols B
)
[2

])
\tf@toc=\write3
\openout3 = `Bakel_Project_Report.toc'.

 [3] (Bakel_Project_Report.lof [4

])
\tf@lof=\write4
\openout4 = `Bakel_Project_Report.lof'.

 [5]
Chapter 1.
<question.png, id=26, 281.25075pt x 203.5605pt>
File: question.png Graphic file (type png)
<use question.png>
Package pdftex.def Info: question.png  used on input line 70.
(pdftex.def)             Requested size: 351.56255pt x 254.45pt.

Underfull \hbox (badness 10000) in paragraph at lines 67--73

 []

[6

 <./question.png>]
Underfull \hbox (badness 10000) in paragraph at lines 97--100

 []

[7]
<001.png, id=37, 2088.80376pt x 1002.74625pt>
File: 001.png Graphic file (type png)
<use 001.png>
Package pdftex.def Info: 001.png  used on input line 108.
(pdftex.def)             Requested size: 522.19966pt x 250.68594pt.

Overfull \hbox (21.71567pt too wide) in paragraph at lines 108--110
 [][] 
 []


Underfull \hbox (badness 10000) in paragraph at lines 162--166

 []

[8 <./001.png>]
<P1.png, id=44, 781.11826pt x 373.395pt>
File: P1.png Graphic file (type png)
<use P1.png>
Package pdftex.def Info: P1.png  used on input line 168.
(pdftex.def)             Requested size: 562.40472pt x 268.8442pt.

Overfull \hbox (25.25113pt too wide) in paragraph at lines 167--169
[]  [] 
 []

<P2.png, id=45, 793.16325pt x 515.526pt>
File: P2.png Graphic file (type png)
<use P2.png>
Package pdftex.def Info: P2.png  used on input line 171.
(pdftex.def)             Requested size: 563.14986pt x 366.02603pt.

Overfull \hbox (25.99626pt too wide) in paragraph at lines 170--172
[]  [] 
 []

[9 <./P1.png> <./P2.png>]
<voila.png, id=51, 268.00125pt x 333.245pt>
File: voila.png Graphic file (type png)
<use voila.png>
Package pdftex.def Info: voila.png  used on input line 177.
(pdftex.def)             Requested size: 80.40099pt x 99.97426pt.
<P3.png, id=52, 420.3705pt x 143.3355pt>
File: P3.png Graphic file (type png)
<use P3.png>
Package pdftex.def Info: P3.png  used on input line 178.
(pdftex.def)             Requested size: 462.40898pt x 157.66951pt.

Overfull \hbox (43.88278pt too wide) in paragraph at lines 175--181
[]  [] 
 []


Underfull \hbox (badness 10000) in paragraph at lines 189--191

 []


Underfull \hbox (badness 10000) in paragraph at lines 194--195

 []

<1.png, id=53, 1398.22375pt x 1003.75pt>
File: 1.png Graphic file (type png)
<use 1.png>
Package pdftex.def Info: 1.png  used on input line 200.
(pdftex.def)             Requested size: 349.55508pt x 250.93689pt.
[10 <./voila.png> <./P3.png>]
<2.png, id=59, 1189.44376pt x 1003.75pt>
File: 2.png Graphic file (type png)
<use 2.png>
Package pdftex.def Info: 2.png  used on input line 208.
(pdftex.def)             Requested size: 356.83588pt x 301.12732pt.
 [11 <./1.png> <./2.png>]
<3.png, id=65, 1206.5075pt x 1003.75pt>
File: 3.png Graphic file (type png)
<use 3.png>
Package pdftex.def Info: 3.png  used on input line 225.
(pdftex.def)             Requested size: 361.95505pt x 301.12732pt.
<4.png, id=66, 1146.2825pt x 1003.75pt>
File: 4.png Graphic file (type png)
<use 4.png>
Package pdftex.def Info: 4.png  used on input line 235.
(pdftex.def)             Requested size: 343.8874pt x 301.12732pt.
 [12 <./3.png>]
<5.png, id=71, 1181.41376pt x 1003.75pt>
File: 5.png Graphic file (type png)
<use 5.png>
Package pdftex.def Info: 5.png  used on input line 243.
(pdftex.def)             Requested size: 354.42686pt x 301.12732pt.

Underfull \hbox (badness 10000) in paragraph at lines 247--248

 []

[13 <./4.png> <./5.png>]
<6.png, id=78, 1186.4325pt x 1003.75pt>
File: 6.png Graphic file (type png)
<use 6.png>
Package pdftex.def Info: 6.png  used on input line 253.
(pdftex.def)             Requested size: 355.9325pt x 301.12732pt.

Underfull \hbox (badness 10000) in paragraph at lines 280--282

 []

[14 <./6.png>]
Underfull \hbox (badness 10000) in paragraph at lines 306--309

 []


Underfull \hbox (badness 10000) in paragraph at lines 311--322

 []

[15]
<run1.png, id=86, 1127.412pt x 380.01974pt>
File: run1.png Graphic file (type png)
<use run1.png>
Package pdftex.def Info: run1.png  used on input line 448.
(pdftex.def)             Requested size: 529.88371pt x 178.6093pt.

Overfull \hbox (29.39972pt too wide) in paragraph at lines 448--449
 [][] 
 []

[16]
<run2.png, id=92, 415.5525pt x 193.32225pt>
File: run2.png Graphic file (type png)
<use run2.png>
Package pdftex.def Info: run2.png  used on input line 455.
(pdftex.def)             Requested size: 498.6605pt x 231.98553pt.
<run3.png, id=93, 688.37175pt x 165.0165pt>
File: run3.png Graphic file (type png)
<use run3.png>
Package pdftex.def Info: run3.png  used on input line 462.
(pdftex.def)             Requested size: 550.69814pt x 132.01335pt.

Overfull \hbox (24.37248pt too wide) in paragraph at lines 461--463
[]  [] 
 []

<run4.png, id=94, 510.708pt x 483.60675pt>
File: run4.png Graphic file (type png)
<use run4.png>
Package pdftex.def Info: run4.png  used on input line 468.
(pdftex.def)             Requested size: 510.70674pt x 483.60556pt.

Overfull \hbox (10.22275pt too wide) in paragraph at lines 468--469
 [][] 
 []

[17 <./run1.png> <./run2.png>]
<run5.png, id=100, 425.79076pt x 367.97475pt>
File: run5.png Graphic file (type png)
<use run5.png>
Package pdftex.def Info: run5.png  used on input line 474.
(pdftex.def)             Requested size: 425.78972pt x 367.97385pt.
 [18 <./run3.png> <./run4.png>]
Underfull \hbox (badness 10000) in paragraph at lines 481--482

 []


Underfull \hbox (badness 10000) in paragraph at lines 481--482

 []

<run7.png, id=106, 398.6895pt x 386.6445pt>
File: run7.png Graphic file (type png)
<use run7.png>
Package pdftex.def Info: run7.png  used on input line 488.
(pdftex.def)             Requested size: 398.68852pt x 386.64355pt.
<20.png, id=107, 1142.2675pt x 1003.75pt>
File: 20.png Graphic file (type png)
<use 20.png>
Package pdftex.def Info: 20.png  used on input line 494.
(pdftex.def)             Requested size: 342.68289pt x 301.12732pt.
[19 <./run5.png>] [20 <./run7.png>]
<V1.png, id=117, 462.528pt x 243.309pt>
File: V1.png Graphic file (type png)
<use V1.png>
Package pdftex.def Info: V1.png  used on input line 530.
(pdftex.def)             Requested size: 462.52686pt x 243.30841pt.
 [21 <./20.png>]
Underfull \hbox (badness 10000) in paragraph at lines 540--543

 []

[22 <./V1.png>] [23]
Chapter 2.

Underfull \hbox (badness 10000) in paragraph at lines 635--637

 []


Underfull \hbox (badness 10000) in paragraph at lines 652--658

 []


Underfull \hbox (badness 10000) in paragraph at lines 652--658

 []

<WC.png, id=130, 406.51875pt x 374.5995pt>
File: WC.png Graphic file (type png)
<use WC.png>
Package pdftex.def Info: WC.png  used on input line 662.
(pdftex.def)             Requested size: 406.51775pt x 374.59859pt.
[24

] [25 <./WC.png>]
<W1.png, id=139, 419.76825pt x 377.0085pt>
File: W1.png Graphic file (type png)
<use W1.png>
Package pdftex.def Info: W1.png  used on input line 694.
(pdftex.def)             Requested size: 419.76721pt x 377.00757pt.
<W2.png, id=140, 516.7305pt x 383.63326pt>
File: W2.png Graphic file (type png)
<use W2.png>
Package pdftex.def Info: W2.png  used on input line 700.
(pdftex.def)             Requested size: 516.72923pt x 383.63231pt.

Overfull \hbox (16.24524pt too wide) in paragraph at lines 700--701
 [][] 
 []

<W3.png, id=141, 435.42674pt x 201.75375pt>
File: W3.png Graphic file (type png)
<use W3.png>
Package pdftex.def Info: W3.png  used on input line 706.
(pdftex.def)             Requested size: 435.42567pt x 201.75325pt.
[26 <./W1.png>] [27 <./W2.png> <./W3.png>]
Chapter 3.

Underfull \hbox (badness 10000) in paragraph at lines 740--742

 []

[28

] [29]
Overfull \hbox (14.23853pt too wide) in paragraph at lines 966--967
[]\OT1/cmr/m/n/12 This Ja-co-bian ma-trix $\OML/cmm/m/it/12 J\OT1/cmr/m/n/12 (\
OML/cmm/m/it/12 q\OT1/cmr/m/n/12 )$ cap-tures the re-la-tion-ship be-tween the 
joint ve-loc-i-ties $[] =$ $[][]$
 []

<run9.png, id=159, 489.027pt x 283.65974pt>
File: run9.png Graphic file (type png)
<use run9.png>
Package pdftex.def Info: run9.png  used on input line 971.
(pdftex.def)             Requested size: 489.02579pt x 283.65904pt.
[30] [31 <./run9.png>] [32] [33]
Underfull \hbox (badness 10000) in paragraph at lines 1213--1218

 []

[34]
Underfull \hbox (badness 10000) in paragraph at lines 1293--1295

 []


Underfull \hbox (badness 10000) in paragraph at lines 1293--1295

 []

<run10.png, id=177, 522.15076pt x 401.0985pt>
File: run10.png Graphic file (type png)
<use run10.png>
Package pdftex.def Info: run10.png  used on input line 1310.
(pdftex.def)             Requested size: 522.14949pt x 401.0975pt.

Overfull \hbox (21.6655pt too wide) in paragraph at lines 1310--1311
 [][] 
 []

[35] [36 <./run10.png>]
Chapter 4.
LaTeX Font Info:    Font shape `OT1/cmtt/bx/n' in size <12> not available
(Font)              Font shape `OT1/cmtt/m/n' tried instead on input line 1353.

[37

]
<T1.png, id=190, 359.54324pt x 377.61075pt>
File: T1.png Graphic file (type png)
<use T1.png>
Package pdftex.def Info: T1.png  used on input line 1429.
(pdftex.def)             Requested size: 287.63498pt x 302.089pt.
<T2.png, id=191, 424.58624pt x 378.213pt>
File: T2.png Graphic file (type png)
<use T2.png>
Package pdftex.def Info: T2.png  used on input line 1435.
(pdftex.def)             Requested size: 339.66945pt x 302.5708pt.
 [38]
<T3.png, id=195, 422.17725pt x 379.4175pt>
File: T3.png Graphic file (type png)
<use T3.png>
Package pdftex.def Info: T3.png  used on input line 1441.
(pdftex.def)             Requested size: 337.74225pt x 303.53441pt.
 [39 <./T1.png>]
<PW1.png, id=200, 457.10776pt x 383.031pt>
File: PW1.png Graphic file (type png)
<use PW1.png>
Package pdftex.def Info: PW1.png  used on input line 1447.
(pdftex.def)             Requested size: 365.68669pt x 306.42522pt.
<PW2.png, id=201, 494.44725pt x 382.42876pt>
File: PW2.png Graphic file (type png)
<use PW2.png>
Package pdftex.def Info: PW2.png  used on input line 1453.
(pdftex.def)             Requested size: 395.55833pt x 305.9434pt.
 [40 <./T2.png> <./T3.png>] [41 <./PW1.png> <./PW2.png>]
Chapter 5.

Underfull \hbox (badness 10000) in paragraph at lines 1466--1471

 []


Underfull \hbox (badness 10000) in paragraph at lines 1466--1471

 []


Underfull \hbox (badness 10000) in paragraph at lines 1466--1471

 []


Underfull \hbox (badness 10000) in paragraph at lines 1466--1471

 []

[42

]
Underfull \hbox (badness 10000) in paragraph at lines 1519--1524

 []


Underfull \hbox (badness 10000) in paragraph at lines 1519--1524

 []

[43]
Underfull \hbox (badness 10000) in paragraph at lines 1546--1549

 []

<Q1.png, id=220, 561.89925pt x 69.861pt>
File: Q1.png Graphic file (type png)
<use Q1.png>
Package pdftex.def Info: Q1.png  used on input line 1567.
(pdftex.def)             Requested size: 449.52pt x 55.88885pt.
[44]
Underfull \hbox (badness 10000) in paragraph at lines 1596--1599

 []

<C1.png, id=224, 711.8595pt x 422.17725pt>
File: C1.png Graphic file (type png)
<use C1.png>
Package pdftex.def Info: C1.png  used on input line 1610.
(pdftex.def)             Requested size: 512.53845pt x 303.96738pt.
<C2.png, id=225, 540.8205pt x 418.56375pt>
File: C2.png Graphic file (type png)
<use C2.png>
Package pdftex.def Info: C2.png  used on input line 1611.
(pdftex.def)             Requested size: 394.79567pt x 305.54898pt.
<C3.png, id=226, 493.845pt x 419.76825pt>
File: C3.png Graphic file (type png)
<use C3.png>
Package pdftex.def Info: C3.png  used on input line 1613.
(pdftex.def)             Requested size: 355.56812pt x 302.2329pt.
<C4.png, id=227, 696.201pt x 374.5995pt>
File: C4.png Graphic file (type png)
<use C4.png>
Package pdftex.def Info: C4.png  used on input line 1615.
(pdftex.def)             Requested size: 494.30617pt x 265.9675pt.

Overfull \hbox (12.05446pt too wide) in paragraph at lines 1610--1616
[]
 []

[45 <./Q1.png>] [46 <./C1.png> <./C2.png>]
<R7.png, id=237, 1022.01825pt x 537.207pt>
File: R7.png Graphic file (type png)
<use R7.png>
Package pdftex.def Info: R7.png  used on input line 1620.
(pdftex.def)             Requested size: 511.00787pt x 268.60284pt.

Overfull \hbox (10.52388pt too wide) in paragraph at lines 1620--1621
 [][] 
 []

<R5.png, id=238, 1027.4385pt x 531.78674pt>
File: R5.png Graphic file (type png)
<use R5.png>
Package pdftex.def Info: R5.png  used on input line 1626.
(pdftex.def)             Requested size: 513.718pt x 265.89272pt.

Overfull \hbox (13.23401pt too wide) in paragraph at lines 1626--1627
 [][] 
 []

[47 <./C3.png> <./C4.png>] [48 <./R7.png> <./R5.png>]
<TR1.png, id=249, 490.83376pt x 92.14426pt>
File: TR1.png Graphic file (type png)
<use TR1.png>
Package pdftex.def Info: TR1.png  used on input line 1637.
(pdftex.def)             Requested size: 490.83255pt x 92.14401pt.

Underfull \hbox (badness 10000) in paragraph at lines 1650--1652

 []

<R1.png, id=250, 1034.06325pt x 545.6385pt>
File: R1.png Graphic file (type png)
<use R1.png>
Package pdftex.def Info: R1.png  used on input line 1663.
(pdftex.def)             Requested size: 517.03036pt x 272.81857pt.

Overfull \hbox (16.54637pt too wide) in paragraph at lines 1663--1664
 [][] 
 []

<D5.png, id=251, 1069.596pt x 530.58224pt>
File: D5.png Graphic file (type png)
<use D5.png>
Package pdftex.def Info: D5.png  used on input line 1669.
(pdftex.def)             Requested size: 534.79669pt x 265.29047pt.

Overfull \hbox (34.3127pt too wide) in paragraph at lines 1669--1670
 [][] 
 []

[49 <./TR1.png>]
<D1.png, id=257, 489.027pt x 83.1105pt>
File: D1.png Graphic file (type png)
<use D1.png>
Package pdftex.def Info: D1.png  used on input line 1677.
(pdftex.def)             Requested size: 493.91335pt x 83.94092pt.
 [50 <./R1.png> <./D5.png>]
<S0.png, id=263, 521.5485pt x 186.6975pt>
File: S0.png Graphic file (type png)
<use S0.png>
Package pdftex.def Info: S0.png  used on input line 1686.
(pdftex.def)             Requested size: 365.08145pt x 130.68735pt.
<S1.png, id=264, 627.5445pt x 357.13425pt>
File: S1.png Graphic file (type png)
<use S1.png>
Package pdftex.def Info: S1.png  used on input line 1692.
(pdftex.def)             Requested size: 439.27814pt x 249.99226pt.
<S2.png, id=265, 495.0495pt x 174.6525pt>
File: S2.png Graphic file (type png)
<use S2.png>
Package pdftex.def Info: S2.png  used on input line 1698.
(pdftex.def)             Requested size: 346.53227pt x 122.2559pt.
 [51 <./D1.png> <./S0.png>]
<S3.png, id=271, 636.57825pt x 265.59225pt>
File: S3.png Graphic file (type png)
<use S3.png>
Package pdftex.def Info: S3.png  used on input line 1705.
(pdftex.def)             Requested size: 572.91513pt x 239.03079pt.

Overfull \hbox (32.3631pt too wide) in paragraph at lines 1704--1706
[]  [] 
 []

[52 <./S1.png> <./S2.png>] [53 <./S3.png>]
Chapter 6.
[54

]
<LC.png, id=284, 569.12625pt x 419.166pt>
File: LC.png Graphic file (type png)
<use LC.png>
Package pdftex.def Info: LC.png  used on input line 1780.
(pdftex.def)             Requested size: 569.12486pt x 419.16498pt.

Overfull \hbox (28.57283pt too wide) in paragraph at lines 1779--1781
[]  [] 
 []

[55]
<R8.png, id=289, 1037.0745pt x 532.99126pt>
File: R8.png Graphic file (type png)
<use R8.png>
Package pdftex.def Info: R8.png  used on input line 1788.
(pdftex.def)             Requested size: 580.75775pt x 298.47307pt.

Overfull \hbox (40.20572pt too wide) in paragraph at lines 1787--1789
[]  [] 
 []

<R9.png, id=290, 1003.95074pt x 533.5935pt>
File: R9.png Graphic file (type png)
<use R9.png>
Package pdftex.def Info: R9.png  used on input line 1794.
(pdftex.def)             Requested size: 562.20859pt x 298.81032pt.

Overfull \hbox (21.65656pt too wide) in paragraph at lines 1793--1795
[]  [] 
 []

[56 <./LC.png>]
Underfull \hbox (badness 10000) in paragraph at lines 1799--1800

 []


Underfull \hbox (badness 10000) in paragraph at lines 1799--1800

 []

[57 <./R8.png> <./R9.png>]
<S5.png, id=300, 645.00975pt x 314.97675pt>
File: S5.png Graphic file (type png)
<use S5.png>
Package pdftex.def Info: S5.png  used on input line 1804.
(pdftex.def)             Requested size: 580.5034pt x 283.47644pt.

Overfull \hbox (39.95137pt too wide) in paragraph at lines 1803--1805
[]  [] 
 []

<S6.png, id=301, 642.60075pt x 361.35pt>
File: S6.png Graphic file (type png)
<use S6.png>
Package pdftex.def Info: S6.png  used on input line 1810.
(pdftex.def)             Requested size: 514.0813pt x 289.0804pt.
[58 <./S5.png>] [59 <./S6.png>] [60

] (Bakel_Project_Report.aux)
 ***********
LaTeX2e <2023-06-01> patch level 1
L3 programming layer <2023-08-29>
 ***********


LaTeX Font Warning: Size substitutions with differences
(Font)              up to 1.28pt have occurred.


LaTeX Warning: There were multiply-defined labels.

 ) 
Here is how much of TeX's memory you used:
 4973 strings out of 475248
 72378 string characters out of 5757812
 1937785 words of memory out of 5000000
 26450 multiletter control sequences out of 15000+600000
 569954 words of font info for 80 fonts, out of 8000000 for 9000
 1141 hyphenation exceptions out of 8191
 57i,14n,65p,857b,241s stack positions out of 10000i,1000n,20000p,200000b,200000s
<C:/Users/beged/AppData/Local/Programs/MiKTeX/fonts/type1/public/amsfonts/cm/
cmbx12.pfb><C:/Users/beged/AppData/Local/Programs/MiKTeX/fonts/type1/public/ams
fonts/cm/cmbx8.pfb><C:/Users/beged/AppData/Local/Programs/MiKTeX/fonts/type1/pu
blic/amsfonts/cm/cmbxti10.pfb><C:/Users/beged/AppData/Local/Programs/MiKTeX/fon
ts/type1/public/amsfonts/cm/cmex10.pfb><C:/Users/beged/AppData/Local/Programs/M
iKTeX/fonts/type1/public/amsfonts/cm/cmmi12.pfb><C:/Users/beged/AppData/Local/P
rograms/MiKTeX/fonts/type1/public/amsfonts/cm/cmmi6.pfb><C:/Users/beged/AppData
/Local/Programs/MiKTeX/fonts/type1/public/amsfonts/cm/cmmi8.pfb><C:/Users/beged
/AppData/Local/Programs/MiKTeX/fonts/type1/public/amsfonts/cm/cmr12.pfb><C:/Use
rs/beged/AppData/Local/Programs/MiKTeX/fonts/type1/public/amsfonts/cm/cmr6.pfb>
<C:/Users/beged/AppData/Local/Programs/MiKTeX/fonts/type1/public/amsfonts/cm/cm
r8.pfb><C:/Users/beged/AppData/Local/Programs/MiKTeX/fonts/type1/public/amsfont
s/cm/cmsy10.pfb><C:/Users/beged/AppData/Local/Programs/MiKTeX/fonts/type1/publi
c/amsfonts/cm/cmsy8.pfb><C:/Users/beged/AppData/Local/Programs/MiKTeX/fonts/typ
e1/public/amsfonts/cm/cmti12.pfb><C:/Users/beged/AppData/Local/Programs/MiKTeX/
fonts/type1/public/amsfonts/cm/cmtt12.pfb><C:/Users/beged/AppData/Local/Program
s/MiKTeX/fonts/type1/public/amsfonts/symbols/msbm10.pfb>
Output written on Bakel_Project_Report.pdf (60 pages, 3055094 bytes).
PDF statistics:
 377 PDF objects out of 1000 (max. 8388607)
 0 named destinations out of 1000 (max. 500000)
 266 words of extra memory for PDF output out of 10000 (max. 10000000)

